<?xml version="1.0" encoding="UTF-8"?>
<!-- Generated by org.testng.reporters.JUnitXMLReporter -->
<testsuite hostname="DESKTOP-C682D0O" ignored="0" name="Default test" tests="3" failures="0" timestamp="05 Feb 2018 06:08:23 GMT" time="9.791" errors="0">
  <testcase name="TwitterPostRequest" time="3.212" classname="twitterApisExample.TwitterDeleteStatus"/>
  <testcase name="TwitterGetStatusRequest" time="4.76" classname="twitterApisExample.TwitterDeleteStatus"/>
  <testcase name="DeleteTweet" time="1.502" classname="twitterApisExample.TwitterDeleteStatus"/>
</testsuite> <!-- Default test -->
